<?xml version="1.0" encoding="UTF-8"?>
<!-- Generated by org.testng.reporters.JUnitReportReporter -->
<testsuite hostname="DESKTOP-HBT3EQ0" failures="0" tests="1" name="testScript.FBLoginScript" time="12.345" errors="0" timestamp="2023-05-03T07:20:20 IST" skipped="0">
  <testcase classname="testScript.FBLoginScript" name="LoginMethod" time="12.345"/>
  <system-out/>
</testsuite> <!-- testScript.FBLoginScript -->
